Determining if the pthread_create exist failed with the following output:
Change Dir: /home/pal/pinocchio_ws/src/tiago_arm_effort_controller/build/CMakeFiles/CMakeTmp

Run Build Command:"/usr/bin/make" "cmTC_07298/fast"
/usr/bin/make -f CMakeFiles/cmTC_07298.dir/build.make CMakeFiles/cmTC_07298.dir/build
make[1] : on entre dans le répertoire « /home/pal/pinocchio_ws/src/tiago_arm_effort_controller/build/CMakeFiles/CMakeTmp »
Building C object CMakeFiles/cmTC_07298.dir/CheckSymbolExists.c.o
/usr/bin/gcc    -o CMakeFiles/cmTC_07298.dir/CheckSymbolExists.c.o   -c /home/pal/pinocchio_ws/src/tiago_arm_effort_controller/build/CMakeFiles/CMakeTmp/CheckSymbolExists.c
Linking C executable cmTC_07298
/usr/bin/cmake -E cmake_link_script CMakeFiles/cmTC_07298.dir/link.txt --verbose=1
/usr/bin/gcc      -rdynamic CMakeFiles/cmTC_07298.dir/CheckSymbolExists.c.o  -o cmTC_07298 
CMakeFiles/cmTC_07298.dir/CheckSymbolExists.c.o : Dans la fonction « main » :
CheckSymbolExists.c:(.text+0x1b) : référence indéfinie vers « pthread_create »
collect2: error: ld returned 1 exit status
CMakeFiles/cmTC_07298.dir/build.make:97: recipe for target 'cmTC_07298' failed
make[1]: *** [cmTC_07298] Error 1
make[1] : on quitte le répertoire « /home/pal/pinocchio_ws/src/tiago_arm_effort_controller/build/CMakeFiles/CMakeTmp »
Makefile:126: recipe for target 'cmTC_07298/fast' failed
make: *** [cmTC_07298/fast] Error 2

File /home/pal/pinocchio_ws/src/tiago_arm_effort_controller/build/CMakeFiles/CMakeTmp/CheckSymbolExists.c:
/* */
#include <pthread.h>

int main(int argc, char** argv)
{
  (void)argv;
#ifndef pthread_create
  return ((int*)(&pthread_create))[argc];
#else
  (void)argc;
  return 0;
#endif
}

Determining if the function pthread_create exists in the pthreads failed with the following output:
Change Dir: /home/pal/pinocchio_ws/src/tiago_arm_effort_controller/build/CMakeFiles/CMakeTmp

Run Build Command:"/usr/bin/make" "cmTC_6799e/fast"
/usr/bin/make -f CMakeFiles/cmTC_6799e.dir/build.make CMakeFiles/cmTC_6799e.dir/build
make[1] : on entre dans le répertoire « /home/pal/pinocchio_ws/src/tiago_arm_effort_controller/build/CMakeFiles/CMakeTmp »
Building C object CMakeFiles/cmTC_6799e.dir/CheckFunctionExists.c.o
/usr/bin/gcc   -DCHECK_FUNCTION_EXISTS=pthread_create   -o CMakeFiles/cmTC_6799e.dir/CheckFunctionExists.c.o   -c /usr/share/cmake-3.10/Modules/CheckFunctionExists.c
Linking C executable cmTC_6799e
/usr/bin/cmake -E cmake_link_script CMakeFiles/cmTC_6799e.dir/link.txt --verbose=1
/usr/bin/gcc  -DCHECK_FUNCTION_EXISTS=pthread_create    -rdynamic CMakeFiles/cmTC_6799e.dir/CheckFunctionExists.c.o  -o cmTC_6799e -lpthreads 
/usr/bin/ld : ne peut trouver -lpthreads
collect2: error: ld returned 1 exit status
CMakeFiles/cmTC_6799e.dir/build.make:97: recipe for target 'cmTC_6799e' failed
make[1]: *** [cmTC_6799e] Error 1
make[1] : on quitte le répertoire « /home/pal/pinocchio_ws/src/tiago_arm_effort_controller/build/CMakeFiles/CMakeTmp »
Makefile:126: recipe for target 'cmTC_6799e/fast' failed
make: *** [cmTC_6799e/fast] Error 2


